{"/Users/kevin/Projects/nodejs/httptesting/app.js":{"path":"/Users/kevin/Projects/nodejs/httptesting/app.js","s":{"1":1,"2":1,"3":1,"4":1,"5":1,"6":1,"7":1,"8":1,"9":4,"10":4,"11":1,"12":1,"13":1,"14":1,"15":1,"16":1,"17":1,"18":1,"19":1,"20":2,"21":1,"22":1,"23":1,"24":1},"b":{},"f":{"1":4,"2":1,"3":1,"4":1,"5":2},"fnMap":{"1":{"name":"(anonymous_1)","line":24,"loc":{"start":{"line":24,"column":8},"end":{"line":24,"column":33}}},"2":{"name":"(anonymous_2)","line":33,"loc":{"start":{"line":33,"column":27},"end":{"line":33,"column":46}}},"3":{"name":"(anonymous_3)","line":37,"loc":{"start":{"line":37,"column":28},"end":{"line":37,"column":47}}},"4":{"name":"(anonymous_4)","line":42,"loc":{"start":{"line":42,"column":36},"end":{"line":42,"column":55}}},"5":{"name":"(anonymous_5)","line":43,"loc":{"start":{"line":43,"column":35},"end":{"line":43,"column":56}}}},"statementMap":{"1":{"start":{"line":1,"column":0},"end":{"line":1,"column":33}},"2":{"start":{"line":2,"column":0},"end":{"line":2,"column":27}},"3":{"start":{"line":3,"column":0},"end":{"line":3,"column":40}},"4":{"start":{"line":4,"column":0},"end":{"line":4,"column":20}},"5":{"start":{"line":6,"column":0},"end":{"line":19,"column":2}},"6":{"start":{"line":21,"column":0},"end":{"line":21,"column":27}},"7":{"start":{"line":22,"column":0},"end":{"line":22,"column":52}},"8":{"start":{"line":24,"column":0},"end":{"line":27,"column":3}},"9":{"start":{"line":25,"column":1},"end":{"line":25,"column":85}},"10":{"start":{"line":26,"column":1},"end":{"line":26,"column":8}},"11":{"start":{"line":29,"column":0},"end":{"line":29,"column":36}},"12":{"start":{"line":31,"column":0},"end":{"line":31,"column":16}},"13":{"start":{"line":33,"column":0},"end":{"line":35,"column":3}},"14":{"start":{"line":34,"column":1},"end":{"line":34,"column":22}},"15":{"start":{"line":37,"column":0},"end":{"line":40,"column":3}},"16":{"start":{"line":38,"column":4},"end":{"line":38,"column":30}},"17":{"start":{"line":39,"column":4},"end":{"line":39,"column":25}},"18":{"start":{"line":42,"column":0},"end":{"line":47,"column":3}},"19":{"start":{"line":43,"column":4},"end":{"line":45,"column":7}},"20":{"start":{"line":44,"column":8},"end":{"line":44,"column":79}},"21":{"start":{"line":46,"column":4},"end":{"line":46,"column":25}},"22":{"start":{"line":49,"column":0},"end":{"line":49,"column":17}},"23":{"start":{"line":51,"column":0},"end":{"line":51,"column":48}},"24":{"start":{"line":53,"column":0},"end":{"line":53,"column":21}}},"branchMap":{}}}